0 info it worked if it ends with ok
1 verbose cli [ 'C:\\Program Files (x86)\\nodejs\\node.exe',
1 verbose cli   'C:\\Program Files (x86)\\nodejs\\node_modules\\npm\\bin\\npm-cli.js',
1 verbose cli   'install',
1 verbose cli   'gulp' ]
2 info using npm@1.4.23
3 info using node@v0.10.31
4 error Error: ENOENT, stat 'C:\Users\jmolnar\AppData\Roaming\npm'
5 error If you need help, you may report this *entire* log,
5 error including the npm and node versions, at:
5 error     <http://github.com/npm/npm/issues>
6 error System Windows_NT 6.1.7601
7 error command "C:\\Program Files (x86)\\nodejs\\node.exe" "C:\\Program Files (x86)\\nodejs\\node_modules\\npm\\bin\\npm-cli.js" "install" "gulp"
8 error cwd C:\xampp\htdocs\job_board
9 error node -v v0.10.31
10 error npm -v 1.4.23
11 error path C:\Users\jmolnar\AppData\Roaming\npm
12 error code ENOENT
13 error errno 34
14 verbose exit [ 34, true ]
